<?xml version="1.0" encoding="UTF-8"?>
<!-- Generated by org.testng.reporters.JUnitXMLReporter -->
<testsuite ignored="0" hostname="LAPTOP-9R5OQI11" failures="6" tests="7" name="Jupiter Test Cases 03" time="6.568" errors="0" timestamp="04 Jun 2022 20:47:49 GMT">
  <testcase classname="com.jupiter.qa.testcases.TestCase_02" name="validate_calculations_of_prices_In_Cart" time="0.0">
    <failure type="org.testng.TestNGException" message="
Parameter &amp;apos;item3&amp;apos; is required by @Test on method validate_calculations_of_prices_In_Cart but has not been marked @Optional or defined
in C:\RepoGit\PageObjectModel-master\src\main\resources\testng.xml">
      <![CDATA[org.testng.TestNGException: 
Parameter 'item3' is required by @Test on method validate_calculations_of_prices_In_Cart but has not been marked @Optional or defined
in C:\RepoGit\PageObjectModel-master\src\main\resources\testng.xml
... Removed 23 stack frames]]>
    </failure>
  </testcase> <!-- validate_calculations_of_prices_In_Cart -->
  <testcase classname="com.jupiter.qa.testcases.TestCase_02" name="add_Items_To_Cart_And_Verify_The_Items_In_Cart" time="1.795"/>
  <testcase classname="com.jupiter.qa.testcases.TestCase_02" name="successfully_Submit_Contact_Form_With_Mandatory_Fields" time="0.0">
    <failure type="org.testng.TestNGException" message="
Parameter &amp;apos;foreName&amp;apos; is required by @Test on method successfully_Submit_Contact_Form_With_Mandatory_Fields but has not been marked @Optional or defined
in C:\RepoGit\PageObjectModel-master\src\main\resources\testng.xml">
      <![CDATA[org.testng.TestNGException: 
Parameter 'foreName' is required by @Test on method successfully_Submit_Contact_Form_With_Mandatory_Fields but has not been marked @Optional or defined
in C:\RepoGit\PageObjectModel-master\src\main\resources\testng.xml
... Removed 23 stack frames]]>
    </failure>
  </testcase> <!-- successfully_Submit_Contact_Form_With_Mandatory_Fields -->
  <testcase classname="com.jupiter.qa.testcases.TestCase_02" name="successfully_Submit_Contact_Form_With_Mandatory_Fields" time="0.0">
    <failure type="org.testng.TestNGException" message="
Parameter &amp;apos;foreName&amp;apos; is required by @Test on method successfully_Submit_Contact_Form_With_Mandatory_Fields but has not been marked @Optional or defined
in C:\RepoGit\PageObjectModel-master\src\main\resources\testng.xml">
      <![CDATA[org.testng.TestNGException: 
Parameter 'foreName' is required by @Test on method successfully_Submit_Contact_Form_With_Mandatory_Fields but has not been marked @Optional or defined
in C:\RepoGit\PageObjectModel-master\src\main\resources\testng.xml
... Removed 23 stack frames]]>
    </failure>
  </testcase> <!-- successfully_Submit_Contact_Form_With_Mandatory_Fields -->
  <testcase classname="com.jupiter.qa.testcases.TestCase_02" name="successfully_Submit_Contact_Form_With_Mandatory_Fields" time="0.0">
    <failure type="org.testng.TestNGException" message="
Parameter &amp;apos;foreName&amp;apos; is required by @Test on method successfully_Submit_Contact_Form_With_Mandatory_Fields but has not been marked @Optional or defined
in C:\RepoGit\PageObjectModel-master\src\main\resources\testng.xml">
      <![CDATA[org.testng.TestNGException: 
Parameter 'foreName' is required by @Test on method successfully_Submit_Contact_Form_With_Mandatory_Fields but has not been marked @Optional or defined
in C:\RepoGit\PageObjectModel-master\src\main\resources\testng.xml
... Removed 23 stack frames]]>
    </failure>
  </testcase> <!-- successfully_Submit_Contact_Form_With_Mandatory_Fields -->
  <testcase classname="com.jupiter.qa.testcases.TestCase_02" name="successfully_Submit_Contact_Form_With_Mandatory_Fields" time="0.0">
    <failure type="org.testng.TestNGException" message="
Parameter &amp;apos;foreName&amp;apos; is required by @Test on method successfully_Submit_Contact_Form_With_Mandatory_Fields but has not been marked @Optional or defined
in C:\RepoGit\PageObjectModel-master\src\main\resources\testng.xml">
      <![CDATA[org.testng.TestNGException: 
Parameter 'foreName' is required by @Test on method successfully_Submit_Contact_Form_With_Mandatory_Fields but has not been marked @Optional or defined
in C:\RepoGit\PageObjectModel-master\src\main\resources\testng.xml
... Removed 23 stack frames]]>
    </failure>
  </testcase> <!-- successfully_Submit_Contact_Form_With_Mandatory_Fields -->
  <testcase classname="com.jupiter.qa.testcases.TestCase_02" name="successfully_Submit_Contact_Form_With_Mandatory_Fields" time="0.0">
    <failure type="org.testng.TestNGException" message="
Parameter &amp;apos;foreName&amp;apos; is required by @Test on method successfully_Submit_Contact_Form_With_Mandatory_Fields but has not been marked @Optional or defined
in C:\RepoGit\PageObjectModel-master\src\main\resources\testng.xml">
      <![CDATA[org.testng.TestNGException: 
Parameter 'foreName' is required by @Test on method successfully_Submit_Contact_Form_With_Mandatory_Fields but has not been marked @Optional or defined
in C:\RepoGit\PageObjectModel-master\src\main\resources\testng.xml
... Removed 23 stack frames]]>
    </failure>
  </testcase> <!-- successfully_Submit_Contact_Form_With_Mandatory_Fields -->
</testsuite> <!-- Jupiter Test Cases 03 -->
