<?xml version="1.0" encoding="UTF-8"?>
<!-- Generated by org.testng.reporters.JUnitXMLReporter -->
<testsuite ignored="0" hostname="LAPTOP-9R5OQI11" failures="1" tests="7" name="Jupiter Test Cases 02" time="38.468" errors="0" timestamp="04 Jun 2022 21:52:20 GMT">
  <testcase classname="com.jupiter.qa.testcases.TestCase_02" name="successfully_Submit_Contact_Form_With_Mandatory_Fields" time="5.479"/>
  <testcase classname="com.jupiter.qa.testcases.TestCase_02" name="successfully_Submit_Contact_Form_With_Mandatory_Fields" time="2.381"/>
  <testcase classname="com.jupiter.qa.testcases.TestCase_02" name="successfully_Submit_Contact_Form_With_Mandatory_Fields" time="2.802"/>
  <testcase classname="com.jupiter.qa.testcases.TestCase_02" name="successfully_Submit_Contact_Form_With_Mandatory_Fields" time="14.502"/>
  <testcase classname="com.jupiter.qa.testcases.TestCase_02" name="successfully_Submit_Contact_Form_With_Mandatory_Fields" time="2.989"/>
  <testcase classname="com.jupiter.qa.testcases.TestCase_02" name="add_Items_To_Cart_And_Verify_The_Items_In_Cart" time="3.425"/>
  <testcase classname="com.jupiter.qa.testcases.TestCase_02" name="validate_calculations_of_prices_In_Cart" time="1.521">
    <failure type="java.lang.AssertionError" message="expected [116.9] but found [138.88]">
      <![CDATA[java.lang.AssertionError: expected [116.9] but found [138.88]
	at com.jupiter.qa.pages.ShopPage.veriftTotalAmount(ShopPage.java:119)
	at com.jupiter.qa.testcases.TestCase_02.validate_calculations_of_prices_In_Cart(TestCase_02.java:70)
... Removed 30 stack frames]]>
    </failure>
  </testcase> <!-- validate_calculations_of_prices_In_Cart -->
</testsuite> <!-- Jupiter Test Cases 02 -->
