<?xml version="1.0" encoding="UTF-8"?>
<!-- Generated by org.testng.reporters.JUnitXMLReporter -->
<testsuite ignored="0" hostname="LAPTOP-9R5OQI11" failures="2" tests="5" name="Jupiter Test Cases 01" time="10.391" errors="0" timestamp="04 Jun 2022 21:51:42 GMT">
  <testcase classname="com.jupiter.qa.testcases.TestCase_01" name="navigateToContractPageAndValidatePageTitle" time="0.198"/>
  <testcase classname="com.jupiter.qa.testcases.TestCase_01" name="clickSubmitButton" time="0.294"/>
  <testcase classname="com.jupiter.qa.testcases.TestCase_01" name="validateErrorsDisplayed" time="0.169"/>
  <testcase classname="com.jupiter.qa.testcases.TestCase_01" name="populateMandatoryFields" time="0.0">
    <failure type="org.testng.TestNGException" message="
Parameter &amp;apos;foreName&amp;apos; is required by @Test on method populateMandatoryFields but has not been marked @Optional or defined
in C:\RepoGit\PageObjectModel-master\src\main\resources\testng.xml">
      <![CDATA[org.testng.TestNGException: 
Parameter 'foreName' is required by @Test on method populateMandatoryFields but has not been marked @Optional or defined
in C:\RepoGit\PageObjectModel-master\src\main\resources\testng.xml
... Removed 23 stack frames]]>
    </failure>
  </testcase> <!-- populateMandatoryFields -->
  <testcase classname="com.jupiter.qa.testcases.TestCase_01" name="validateErrorsAreGone" time="0.056">
    <failure type="java.lang.AssertionError" message="expected [true] but found [false]">
      <![CDATA[java.lang.AssertionError: expected [true] but found [false]
	at com.jupiter.qa.testcases.TestCase_01.validateErrorsAreGone(TestCase_01.java:55)
... Removed 29 stack frames]]>
    </failure>
  </testcase> <!-- validateErrorsAreGone -->
</testsuite> <!-- Jupiter Test Cases 01 -->
