<?xml version="1.0" encoding="UTF-8"?>
<!-- Generated by org.testng.reporters.JUnitXMLReporter -->
<testsuite ignored="0" hostname="LAPTOP-9R5OQI11" failures="2" tests="8" name="TestCases_Jupiter" time="75.085" errors="0" timestamp="05 Jun 2022 11:27:06 GMT">
  <testcase classname="com.jupiter.qa.testcases.TestCases_Jupiter" name="navigateToContractPageAndValidatePageTitle" time="9.621"/>
  <testcase classname="com.jupiter.qa.testcases.TestCases_Jupiter" name="successfully_Submit_Contact_Form_With_Mandatory_Fields" time="2.171"/>
  <testcase classname="com.jupiter.qa.testcases.TestCases_Jupiter" name="successfully_Submit_Contact_Form_With_Mandatory_Fields" time="11.277"/>
  <testcase classname="com.jupiter.qa.testcases.TestCases_Jupiter" name="successfully_Submit_Contact_Form_With_Mandatory_Fields" time="7.732"/>
  <testcase classname="com.jupiter.qa.testcases.TestCases_Jupiter" name="successfully_Submit_Contact_Form_With_Mandatory_Fields" time="2.718"/>
  <testcase classname="com.jupiter.qa.testcases.TestCases_Jupiter" name="successfully_Submit_Contact_Form_With_Mandatory_Fields" time="2.769"/>
  <testcase classname="com.jupiter.qa.testcases.TestCases_Jupiter" name="add_Items_To_Cart_And_Verify_The_Items_In_Cart" time="23.622">
    <failure type="org.openqa.selenium.NoSuchElementException" message="no such element: Unable to locate element: {&amp;quot;method&amp;quot;:&amp;quot;xpath&amp;quot;,&amp;quot;selector&amp;quot;:&amp;quot;//td[contains(text(),&amp;apos;Funny Cow&amp;apos;)]/following::input[@value=&amp;apos;2&amp;apos;][1]&amp;quot;}
  (Session info: chrome=102.0.5005.63)
For documentation on this error, please visit: http://seleniumhq.org/exceptions/no_such_element.html
Build info: version: &amp;apos;3.14.0&amp;apos;, revision: &amp;apos;aacccce0&amp;apos;, time: &amp;apos;2018-08-02T20:19:58.91Z&amp;apos;
System info: host: &amp;apos;LAPTOP-9R5OQI11&amp;apos;, ip: &amp;apos;192.168.8.102&amp;apos;, os.name: &amp;apos;Windows 10&amp;apos;, os.arch: &amp;apos;amd64&amp;apos;, os.version: &amp;apos;10.0&amp;apos;, java.version: &amp;apos;15.0.2&amp;apos;
Driver info: org.openqa.selenium.chrome.ChromeDriver
Capabilities {acceptInsecureCerts: false, browserName: chrome, browserVersion: 102.0.5005.63, chrome: {chromedriverVersion: 101.0.4951.41 (93c720db8323..., userDataDir: C:\Users\ACER\AppData\Local...}, goog:chromeOptions: {debuggerAddress: localhost:50515}, javascriptEnabled: true, networkConnectionEnabled: false, pageLoadStrategy: normal, platform: WINDOWS, platformName: WINDOWS, proxy: Proxy(), setWindowRect: true, strictFileInteractability: false, timeouts: {implicit: 0, pageLoad: 300000, script: 30000}, unhandledPromptBehavior: dismiss and notify, webauthn:extension:credBlob: true, webauthn:extension:largeBlob: true, webauthn:virtualAuthenticators: true}
Session ID: cc76ec59b4c04a02e4b3a94e55829eea
*** Element info: {Using=xpath, value=//td[contains(text(),&amp;apos;Funny Cow&amp;apos;)]/following::input[@value=&amp;apos;2&amp;apos;][1]}">
      <![CDATA[org.openqa.selenium.NoSuchElementException: no such element: Unable to locate element: {"method":"xpath","selector":"//td[contains(text(),'Funny Cow')]/following::input[@value='2'][1]"}
  (Session info: chrome=102.0.5005.63)
For documentation on this error, please visit: http://seleniumhq.org/exceptions/no_such_element.html
Build info: version: '3.14.0', revision: 'aacccce0', time: '2018-08-02T20:19:58.91Z'
System info: host: 'LAPTOP-9R5OQI11', ip: '192.168.8.102', os.name: 'Windows 10', os.arch: 'amd64', os.version: '10.0', java.version: '15.0.2'
Driver info: org.openqa.selenium.chrome.ChromeDriver
Capabilities {acceptInsecureCerts: false, browserName: chrome, browserVersion: 102.0.5005.63, chrome: {chromedriverVersion: 101.0.4951.41 (93c720db8323..., userDataDir: C:\Users\ACER\AppData\Local...}, goog:chromeOptions: {debuggerAddress: localhost:50515}, javascriptEnabled: true, networkConnectionEnabled: false, pageLoadStrategy: normal, platform: WINDOWS, platformName: WINDOWS, proxy: Proxy(), setWindowRect: true, strictFileInteractability: false, timeouts: {implicit: 0, pageLoad: 300000, script: 30000}, unhandledPromptBehavior: dismiss and notify, webauthn:extension:credBlob: true, webauthn:extension:largeBlob: true, webauthn:virtualAuthenticators: true}
Session ID: cc76ec59b4c04a02e4b3a94e55829eea
*** Element info: {Using=xpath, value=//td[contains(text(),'Funny Cow')]/following::input[@value='2'][1]}
	at org.openqa.selenium.remote.http.W3CHttpResponseCodec.createException(W3CHttpResponseCodec.java:187)
	at org.openqa.selenium.remote.http.W3CHttpResponseCodec.decode(W3CHttpResponseCodec.java:122)
	at org.openqa.selenium.remote.http.W3CHttpResponseCodec.decode(W3CHttpResponseCodec.java:49)
	at org.openqa.selenium.remote.HttpCommandExecutor.execute(HttpCommandExecutor.java:158)
	at org.openqa.selenium.remote.service.DriverCommandExecutor.execute(DriverCommandExecutor.java:83)
	at org.openqa.selenium.remote.RemoteWebDriver.execute(RemoteWebDriver.java:548)
	at org.openqa.selenium.remote.RemoteWebDriver.findElement(RemoteWebDriver.java:322)
	at org.openqa.selenium.remote.RemoteWebDriver.findElementByXPath(RemoteWebDriver.java:424)
	at org.openqa.selenium.By$ByXPath.findElement(By.java:353)
	at org.openqa.selenium.remote.RemoteWebDriver.findElement(RemoteWebDriver.java:314)
	at org.openqa.selenium.support.events.EventFiringWebDriver.lambda$new$1(EventFiringWebDriver.java:105)
	at com.sun.proxy.$Proxy12.findElement(Unknown Source)
	at org.openqa.selenium.support.events.EventFiringWebDriver.findElement(EventFiringWebDriver.java:194)
	at com.jupiter.qa.pages.ShopPage.verifyItemsInCart(ShopPage.java:145)
	at com.jupiter.qa.testcases.TestCases_Jupiter.add_Items_To_Cart_And_Verify_The_Items_In_Cart(TestCases_Jupiter.java:81)
... Removed 33 stack frames]]>
    </failure>
  </testcase> <!-- add_Items_To_Cart_And_Verify_The_Items_In_Cart -->
  <testcase classname="com.jupiter.qa.testcases.TestCases_Jupiter" name="validate_calculations_of_prices_In_Cart" time="2.657">
    <failure type="java.lang.AssertionError" message="expected [116.9] but found [127.89]">
      <![CDATA[java.lang.AssertionError: expected [116.9] but found [127.89]
	at com.jupiter.qa.pages.ShopPage.veriftTotalAmount(ShopPage.java:125)
	at com.jupiter.qa.testcases.TestCases_Jupiter.validate_calculations_of_prices_In_Cart(TestCases_Jupiter.java:95)
... Removed 30 stack frames]]>
    </failure>
  </testcase> <!-- validate_calculations_of_prices_In_Cart -->
</testsuite> <!-- TestCases_Jupiter -->
