<?xml version="1.0" encoding="UTF-8"?>
<!-- Generated by org.testng.reporters.JUnitXMLReporter -->
<testsuite ignored="0" hostname="LAPTOP-9R5OQI11" failures="7" tests="8" name="TestCases_02" time="136.14" errors="0" timestamp="05 Jun 2022 10:03:16 GMT">
  <testcase classname="com.jupiter.qa.testcases.TestCase_02" name="navigateToContractPageAndValidatePageTitle" time="100.744"/>
  <testcase classname="com.jupiter.qa.testcases.TestCase_02" name="add_Items_To_Cart_And_Verify_The_Items_In_Cart" time="0.0">
    <failure type="org.testng.TestNGException" message="
Parameter &amp;apos;item1&amp;apos; is required by @Test on method add_Items_To_Cart_And_Verify_The_Items_In_Cart but has not been marked @Optional or defined
in C:\RepoGit\PageObjectModel-master\src\main\resources\testng.xml">
      <![CDATA[org.testng.TestNGException: 
Parameter 'item1' is required by @Test on method add_Items_To_Cart_And_Verify_The_Items_In_Cart but has not been marked @Optional or defined
in C:\RepoGit\PageObjectModel-master\src\main\resources\testng.xml
... Removed 23 stack frames]]>
    </failure>
  </testcase> <!-- add_Items_To_Cart_And_Verify_The_Items_In_Cart -->
  <testcase classname="com.jupiter.qa.testcases.TestCase_02" name="successfully_Submit_Contact_Form_With_Mandatory_Fields" time="0.0">
    <failure type="org.testng.TestNGException" message="
Method public void com.jupiter.qa.testcases.TestCase_02.successfully_Submit_Contact_Form_With_Mandatory_Fields(java.lang.String,java.lang.String,java.lang.String) throws java.lang.InterruptedException requires a @DataProvider named : getTestData">
      <![CDATA[org.testng.TestNGException: 
Method public void com.jupiter.qa.testcases.TestCase_02.successfully_Submit_Contact_Form_With_Mandatory_Fields(java.lang.String,java.lang.String,java.lang.String) throws java.lang.InterruptedException requires a @DataProvider named : getTestData
... Removed 22 stack frames]]>
    </failure>
  </testcase> <!-- successfully_Submit_Contact_Form_With_Mandatory_Fields -->
  <testcase classname="com.jupiter.qa.testcases.TestCase_02" name="successfully_Submit_Contact_Form_With_Mandatory_Fields" time="0.0">
    <failure type="org.testng.TestNGException" message="
Method public void com.jupiter.qa.testcases.TestCase_02.successfully_Submit_Contact_Form_With_Mandatory_Fields(java.lang.String,java.lang.String,java.lang.String) throws java.lang.InterruptedException requires a @DataProvider named : getTestData">
      <![CDATA[org.testng.TestNGException: 
Method public void com.jupiter.qa.testcases.TestCase_02.successfully_Submit_Contact_Form_With_Mandatory_Fields(java.lang.String,java.lang.String,java.lang.String) throws java.lang.InterruptedException requires a @DataProvider named : getTestData
... Removed 22 stack frames]]>
    </failure>
  </testcase> <!-- successfully_Submit_Contact_Form_With_Mandatory_Fields -->
  <testcase classname="com.jupiter.qa.testcases.TestCase_02" name="successfully_Submit_Contact_Form_With_Mandatory_Fields" time="0.0">
    <failure type="org.testng.TestNGException" message="
Method public void com.jupiter.qa.testcases.TestCase_02.successfully_Submit_Contact_Form_With_Mandatory_Fields(java.lang.String,java.lang.String,java.lang.String) throws java.lang.InterruptedException requires a @DataProvider named : getTestData">
      <![CDATA[org.testng.TestNGException: 
Method public void com.jupiter.qa.testcases.TestCase_02.successfully_Submit_Contact_Form_With_Mandatory_Fields(java.lang.String,java.lang.String,java.lang.String) throws java.lang.InterruptedException requires a @DataProvider named : getTestData
... Removed 22 stack frames]]>
    </failure>
  </testcase> <!-- successfully_Submit_Contact_Form_With_Mandatory_Fields -->
  <testcase classname="com.jupiter.qa.testcases.TestCase_02" name="successfully_Submit_Contact_Form_With_Mandatory_Fields" time="0.0">
    <failure type="org.testng.TestNGException" message="
Method public void com.jupiter.qa.testcases.TestCase_02.successfully_Submit_Contact_Form_With_Mandatory_Fields(java.lang.String,java.lang.String,java.lang.String) throws java.lang.InterruptedException requires a @DataProvider named : getTestData">
      <![CDATA[org.testng.TestNGException: 
Method public void com.jupiter.qa.testcases.TestCase_02.successfully_Submit_Contact_Form_With_Mandatory_Fields(java.lang.String,java.lang.String,java.lang.String) throws java.lang.InterruptedException requires a @DataProvider named : getTestData
... Removed 22 stack frames]]>
    </failure>
  </testcase> <!-- successfully_Submit_Contact_Form_With_Mandatory_Fields -->
  <testcase classname="com.jupiter.qa.testcases.TestCase_02" name="successfully_Submit_Contact_Form_With_Mandatory_Fields" time="0.0">
    <failure type="org.testng.TestNGException" message="
Method public void com.jupiter.qa.testcases.TestCase_02.successfully_Submit_Contact_Form_With_Mandatory_Fields(java.lang.String,java.lang.String,java.lang.String) throws java.lang.InterruptedException requires a @DataProvider named : getTestData">
      <![CDATA[org.testng.TestNGException: 
Method public void com.jupiter.qa.testcases.TestCase_02.successfully_Submit_Contact_Form_With_Mandatory_Fields(java.lang.String,java.lang.String,java.lang.String) throws java.lang.InterruptedException requires a @DataProvider named : getTestData
... Removed 22 stack frames]]>
    </failure>
  </testcase> <!-- successfully_Submit_Contact_Form_With_Mandatory_Fields -->
  <testcase classname="com.jupiter.qa.testcases.TestCase_02" name="validate_calculations_of_prices_In_Cart" time="0.0">
    <failure type="org.testng.TestNGException" message="
Parameter &amp;apos;item3&amp;apos; is required by @Test on method validate_calculations_of_prices_In_Cart but has not been marked @Optional or defined
in C:\RepoGit\PageObjectModel-master\src\main\resources\testng.xml">
      <![CDATA[org.testng.TestNGException: 
Parameter 'item3' is required by @Test on method validate_calculations_of_prices_In_Cart but has not been marked @Optional or defined
in C:\RepoGit\PageObjectModel-master\src\main\resources\testng.xml
... Removed 23 stack frames]]>
    </failure>
  </testcase> <!-- validate_calculations_of_prices_In_Cart -->
</testsuite> <!-- TestCases_02 -->
